<?xml version="1.0" encoding="UTF-8"?>
<testng-results ignored="0" total="2" passed="2" failed="0" skipped="0">
  <reporter-output>
  </reporter-output>
  <suite started-at="2023-03-25T09:15:35 EDT" name="Suite" finished-at="2023-03-25T09:15:45 EDT" duration-ms="9132">
    <groups>
    </groups>
    <test started-at="2023-03-25T09:15:35 EDT" name="Test" finished-at="2023-03-25T09:15:45 EDT" duration-ms="9132">
      <class name="testcases.T02_loginpageValidation">
        <test-method is-config="true" signature="openBrowser()[pri:0, instance:testcases.T02_loginpageValidation@65d09a04]" started-at="2023-03-25T09:15:40 EDT" name="openBrowser" finished-at="2023-03-25T09:15:42 EDT" duration-ms="2331" status="PASS">
          <reporter-output>
          </reporter-output>
        </test-method> <!-- openBrowser -->
        <test-method signature="loginpage()[pri:0, instance:testcases.T02_loginpageValidation@65d09a04]" started-at="2023-03-25T09:15:42 EDT" name="loginpage" finished-at="2023-03-25T09:15:44 EDT" duration-ms="2091" status="PASS">
          <reporter-output>
          </reporter-output>
        </test-method> <!-- loginpage -->
        <test-method is-config="true" signature="closeBrowser()[pri:0, instance:testcases.T02_loginpageValidation@65d09a04]" started-at="2023-03-25T09:15:44 EDT" name="closeBrowser" finished-at="2023-03-25T09:15:45 EDT" duration-ms="94" status="PASS">
          <reporter-output>
          </reporter-output>
        </test-method> <!-- closeBrowser -->
      </class> <!-- testcases.T02_loginpageValidation -->
      <class name="testcases.T01_homepageValidation">
        <test-method is-config="true" signature="openBrowser()[pri:0, instance:testcases.T01_homepageValidation@3bd82cf5]" started-at="2023-03-25T09:15:35 EDT" name="openBrowser" finished-at="2023-03-25T09:15:39 EDT" duration-ms="3140" status="PASS">
          <reporter-output>
          </reporter-output>
        </test-method> <!-- openBrowser -->
        <test-method signature="homepage()[pri:0, instance:testcases.T01_homepageValidation@3bd82cf5]" started-at="2023-03-25T09:15:39 EDT" name="homepage" finished-at="2023-03-25T09:15:40 EDT" duration-ms="1228" status="PASS">
          <reporter-output>
          </reporter-output>
        </test-method> <!-- homepage -->
        <test-method is-config="true" signature="closeBrowser()[pri:0, instance:testcases.T01_homepageValidation@3bd82cf5]" started-at="2023-03-25T09:15:40 EDT" name="closeBrowser" finished-at="2023-03-25T09:15:40 EDT" duration-ms="173" status="PASS">
          <reporter-output>
          </reporter-output>
        </test-method> <!-- closeBrowser -->
      </class> <!-- testcases.T01_homepageValidation -->
    </test> <!-- Test -->
  </suite> <!-- Suite -->
</testng-results>
