<?xml version="1.0" encoding="UTF-8"?>
<testng-results ignored="0" total="1" passed="1" failed="0" skipped="0">
  <reporter-output>
  </reporter-output>
  <suite started-at="2023-03-26T14:05:41 EDT" name="Default suite" finished-at="2023-03-26T14:05:56 EDT" duration-ms="15128">
    <groups>
    </groups>
    <test started-at="2023-03-26T14:05:41 EDT" name="Default test" finished-at="2023-03-26T14:05:56 EDT" duration-ms="15128">
      <class name="testcases.T03_userRegistration">
        <test-method is-config="true" signature="openbrowser()[pri:0, instance:testcases.T03_userRegistration@c0c2f8d]" started-at="2023-03-26T14:05:41 EDT" name="openbrowser" finished-at="2023-03-26T14:05:44 EDT" duration-ms="3212" status="PASS">
          <reporter-output>
          </reporter-output>
        </test-method> <!-- openbrowser -->
        <test-method signature="homepageValidation()[pri:0, instance:testcases.T03_userRegistration@c0c2f8d]" started-at="2023-03-26T14:05:44 EDT" name="homepageValidation" finished-at="2023-03-26T14:05:56 EDT" duration-ms="11845" status="PASS">
          <reporter-output>
          </reporter-output>
        </test-method> <!-- homepageValidation -->
        <test-method is-config="true" signature="closeBrwoser()[pri:0, instance:testcases.T03_userRegistration@c0c2f8d]" started-at="2023-03-26T14:05:56 EDT" name="closeBrwoser" finished-at="2023-03-26T14:05:56 EDT" duration-ms="0" status="PASS">
          <reporter-output>
          </reporter-output>
        </test-method> <!-- closeBrwoser -->
      </class> <!-- testcases.T03_userRegistration -->
    </test> <!-- Default test -->
  </suite> <!-- Default suite -->
</testng-results>
